2020-11-29 12:52:10--INFO -DataDriven_TestCase.Programe_Tc1-main:1 time for loop start
2020-11-29 12:52:10--INFO -DataDriven_TestCase.Programe_Tc1-main:Username data enter in username field
2020-11-29 12:52:10--INFO -DataDriven_TestCase.Programe_Tc1-main:password data enter in password field
2020-11-29 12:52:15--INFO -DataDriven_TestCase.Programe_Tc1-main:Login button click succesfully
2020-11-29 12:52:23--INFO -DataDriven_TestCase.Programe_Tc1-main:1 Test case fail
2020-11-29 13:03:34--INFO -DataDriven_TestCase.Programe_Tc1-main:1 time for loop start
2020-11-29 13:03:34--INFO -DataDriven_TestCase.Programe_Tc1-main:Username data enter in username field
2020-11-29 13:03:34--INFO -DataDriven_TestCase.Programe_Tc1-main:password data enter in password field
2020-11-29 13:03:48--INFO -DataDriven_TestCase.Programe_Tc1-main:Login button click succesfully
2020-11-29 13:03:56--INFO -DataDriven_TestCase.Programe_Tc1-main:Actual and expected comparing
2020-11-29 13:03:56--INFO -DataDriven_TestCase.Programe_Tc1-main:1 Test case pass
2020-11-29 13:04:59--INFO -DataDriven_TestCase.Programe_Tc1-main:1 time for loop start
2020-11-29 13:04:59--INFO -DataDriven_TestCase.Programe_Tc1-main:Username data enter in username field
2020-11-29 13:04:59--INFO -DataDriven_TestCase.Programe_Tc1-main:password data enter in password field
2020-11-29 13:05:11--INFO -DataDriven_TestCase.Programe_Tc1-main:Login button click succesfully
2020-11-29 13:05:19--INFO -DataDriven_TestCase.Programe_Tc1-main:Actual and expected comparing
2020-11-29 13:05:19--INFO -DataDriven_TestCase.Programe_Tc1-main:1 Test case pass
2020-11-29 13:05:29--INFO -DataDriven_TestCase.Programe_Tc1-main:2 time for loop start
2020-11-29 13:08:03--INFO -DataDriven_TestCase.Programe_Tc1-main:1 time for loop start
2020-11-29 13:08:03--INFO -DataDriven_TestCase.Programe_Tc1-main:Username data enter in username field
2020-11-29 13:08:03--INFO -DataDriven_TestCase.Programe_Tc1-main:password data enter in password field
2020-11-29 13:08:12--INFO -DataDriven_TestCase.Programe_Tc1-main:Login button click succesfully
2020-11-29 13:08:20--INFO -DataDriven_TestCase.Programe_Tc1-main:Actual and expected comparing
2020-11-29 13:08:20--INFO -DataDriven_TestCase.Programe_Tc1-main:1 Test case pass
2020-11-29 13:08:29--INFO -DataDriven_TestCase.Programe_Tc1-main:2 time for loop start
2020-11-29 14:05:03--INFO -DataDriven_TestCase.Programe_Tc1-main:1 time for loop start
2020-11-29 14:05:03--INFO -DataDriven_TestCase.Programe_Tc1-main:Username data enter in username field
2020-11-29 14:05:04--INFO -DataDriven_TestCase.Programe_Tc1-main:password data enter in password field
2020-11-29 14:05:13--INFO -DataDriven_TestCase.Programe_Tc1-main:Login button click succesfully
2020-11-29 14:05:21--INFO -DataDriven_TestCase.Programe_Tc1-main:Actual and expected comparing
2020-11-29 14:05:21--INFO -DataDriven_TestCase.Programe_Tc1-main:1 Test case pass
2020-11-29 14:05:27--INFO -DataDriven_TestCase.Programe_Tc1-main:2 time for loop start
2020-11-29 14:10:29--INFO -DataDriven_TestCase.Programe_Tc1-main:1 time for loop start
2020-11-29 14:10:29--INFO -DataDriven_TestCase.Programe_Tc1-main:Username data enter in username field
2020-11-29 14:10:29--INFO -DataDriven_TestCase.Programe_Tc1-main:password data enter in password field
2020-11-29 14:10:37--INFO -DataDriven_TestCase.Programe_Tc1-main:Login button click succesfully
2020-11-29 14:10:45--INFO -DataDriven_TestCase.Programe_Tc1-main:Actual and expected comparing
2020-11-29 14:10:45--INFO -DataDriven_TestCase.Programe_Tc1-main:1 Test case pass
2020-11-29 14:10:51--INFO -DataDriven_TestCase.Programe_Tc1-main:2 time for loop start
2020-11-29 14:13:24--INFO -DataDriven_TestCase.Programe_Tc1-main:1 time for loop start
2020-11-29 14:13:24--INFO -DataDriven_TestCase.Programe_Tc1-main:Username data enter in username field
2020-11-29 14:13:24--INFO -DataDriven_TestCase.Programe_Tc1-main:password data enter in password field
2020-11-29 14:13:32--INFO -DataDriven_TestCase.Programe_Tc1-main:Login button click succesfully
2020-11-29 14:13:41--INFO -DataDriven_TestCase.Programe_Tc1-main:Actual and expected comparing
2020-11-29 14:13:41--INFO -DataDriven_TestCase.Programe_Tc1-main:1 Test case pass
2020-11-29 14:15:42--INFO -DataDriven_TestCase.Programe_Tc1-main:1 time for loop start
2020-11-29 14:15:42--INFO -DataDriven_TestCase.Programe_Tc1-main:Username data enter in username field
2020-11-29 14:15:42--INFO -DataDriven_TestCase.Programe_Tc1-main:password data enter in password field
2020-11-29 14:15:59--INFO -DataDriven_TestCase.Programe_Tc1-main:Login button click succesfully
2020-11-29 14:16:07--INFO -DataDriven_TestCase.Programe_Tc1-main:Actual and expected comparing
2020-11-29 14:16:07--INFO -DataDriven_TestCase.Programe_Tc1-main:1 Test case pass
2020-11-29 14:16:13--INFO -DataDriven_TestCase.Programe_Tc1-main:2 time for loop start
